<?xml version="1.0" encoding="UTF-8"?>
<!-- Generated by org.testng.reporters.JUnitReportReporter -->
<testsuite skipped="0" hostname="apunnuri-mac" name="tests.googleCricket" tests="1" failures="0" timestamp="2021-07-31T20:36:00 IST" time="20.695" errors="0">
  <testcase name="googleCricket" time="20.695" classname="tests.googleCricket"/>
  <system-out/>
</testsuite> <!-- tests.googleCricket -->
